2020-09-24 10:22:55.957  INFO 12464 --- [restartedMain] c.c.libraryapi.LibraryApiApplication     : Starting LibraryApiApplication on DESKTOP-5MDAQJ8 with PID 12464 (D:\Udemy\SpringTDD\library-api\target\classes started by danyl in D:\Udemy\SpringTDD\library-api)
2020-09-24 10:22:55.981  INFO 12464 --- [restartedMain] c.c.libraryapi.LibraryApiApplication     : No active profile set, falling back to default profiles: default
2020-09-24 10:22:56.332  INFO 12464 --- [restartedMain] .e.DevToolsPropertyDefaultsPostProcessor : Devtools property defaults active! Set 'spring.devtools.add-properties' to 'false' to disable
2020-09-24 10:22:56.332  INFO 12464 --- [restartedMain] .e.DevToolsPropertyDefaultsPostProcessor : For additional web related logging consider setting the 'logging.level.web' property to 'DEBUG'
2020-09-24 10:23:06.879  INFO 12464 --- [restartedMain] .s.d.r.c.RepositoryConfigurationDelegate : Bootstrapping Spring Data JPA repositories in DEFERRED mode.
2020-09-24 10:23:07.350  INFO 12464 --- [restartedMain] .s.d.r.c.RepositoryConfigurationDelegate : Finished Spring Data repository scanning in 357ms. Found 2 JPA repository interfaces.
2020-09-24 10:23:10.310  INFO 12464 --- [restartedMain] o.s.b.w.embedded.tomcat.TomcatWebServer  : Tomcat initialized with port(s): 8080 (http)
2020-09-24 10:23:10.350  INFO 12464 --- [restartedMain] o.apache.catalina.core.StandardService   : Starting service [Tomcat]
2020-09-24 10:23:10.352  INFO 12464 --- [restartedMain] org.apache.catalina.core.StandardEngine  : Starting Servlet engine: [Apache Tomcat/9.0.37]
2020-09-24 10:23:11.083  INFO 12464 --- [restartedMain] o.a.c.c.C.[Tomcat].[localhost].[/]       : Initializing Spring embedded WebApplicationContext
2020-09-24 10:23:11.084  INFO 12464 --- [restartedMain] w.s.c.ServletWebServerApplicationContext : Root WebApplicationContext: initialization completed in 14745 ms
2020-09-24 10:23:12.274  INFO 12464 --- [restartedMain] com.zaxxer.hikari.HikariDataSource       : HikariPool-1 - Starting...
2020-09-24 10:23:13.677  INFO 12464 --- [restartedMain] com.zaxxer.hikari.HikariDataSource       : HikariPool-1 - Start completed.
2020-09-24 10:23:13.708  INFO 12464 --- [restartedMain] o.s.b.a.h2.H2ConsoleAutoConfiguration    : H2 console available at '/h2-console'. Database available at 'jdbc:h2:mem:71842644-d494-4113-a571-140c5ca92478'
2020-09-24 10:23:14.713  INFO 12464 --- [restartedMain] o.s.s.concurrent.ThreadPoolTaskExecutor  : Initializing ExecutorService 'applicationTaskExecutor'
2020-09-24 10:23:14.744  INFO 12464 --- [restartedMain] o.s.s.c.ThreadPoolTaskScheduler          : Initializing ExecutorService 'taskScheduler'
2020-09-24 10:23:15.343  INFO 12464 --- [task-1] o.hibernate.jpa.internal.util.LogHelper  : HHH000204: Processing PersistenceUnitInfo [name: default]
2020-09-24 10:23:16.530  INFO 12464 --- [task-1] org.hibernate.Version                    : HHH000412: Hibernate ORM core version 5.4.20.Final
2020-09-24 10:23:18.436  INFO 12464 --- [task-1] o.hibernate.annotations.common.Version   : HCANN000001: Hibernate Commons Annotations {5.1.0.Final}
2020-09-24 10:23:18.577  WARN 12464 --- [restartedMain] JpaBaseConfiguration$JpaWebConfiguration : spring.jpa.open-in-view is enabled by default. Therefore, database queries may be performed during view rendering. Explicitly configure spring.jpa.open-in-view to disable this warning
2020-09-24 10:23:19.345  INFO 12464 --- [task-1] org.hibernate.dialect.Dialect            : HHH000400: Using dialect: org.hibernate.dialect.H2Dialect
2020-09-24 10:23:20.085  INFO 12464 --- [restartedMain] o.s.b.a.e.web.EndpointLinksResolver      : Exposing 14 endpoint(s) beneath base path '/actuator'
2020-09-24 10:23:21.534  INFO 12464 --- [restartedMain] o.s.b.d.a.OptionalLiveReloadServer       : LiveReload server is running on port 35729
2020-09-24 10:23:22.610  INFO 12464 --- [restartedMain] o.s.s.c.ThreadPoolTaskScheduler          : Initializing ExecutorService
2020-09-24 10:23:24.468  INFO 12464 --- [task-1] o.h.e.t.j.p.i.JtaPlatformInitiator       : HHH000490: Using JtaPlatform implementation: [org.hibernate.engine.transaction.jta.platform.internal.NoJtaPlatform]
2020-09-24 10:23:24.560  INFO 12464 --- [task-1] j.LocalContainerEntityManagerFactoryBean : Initialized JPA EntityManagerFactory for persistence unit 'default'
2020-09-24 10:23:25.593  INFO 12464 --- [restartedMain] o.s.b.w.embedded.tomcat.TomcatWebServer  : Tomcat started on port(s): 8080 (http) with context path ''
2020-09-24 10:23:25.598  INFO 12464 --- [restartedMain] d.s.w.p.DocumentationPluginsBootstrapper : Context refreshed
2020-09-24 10:23:25.687  INFO 12464 --- [restartedMain] d.s.w.p.DocumentationPluginsBootstrapper : Found 1 custom documentation plugin(s)
2020-09-24 10:23:25.721  INFO 12464 --- [restartedMain] s.d.s.w.s.ApiListingReferenceScanner     : Scanning for api listing references
2020-09-24 10:23:26.524  INFO 12464 --- [restartedMain] .d.s.w.r.o.CachingOperationNameGenerator : Generating unique operation named: createUsingPOST_1
2020-09-24 10:23:26.538  INFO 12464 --- [restartedMain] .d.s.w.r.o.CachingOperationNameGenerator : Generating unique operation named: findUsingGET_1
2020-09-24 10:23:26.571  INFO 12464 --- [restartedMain] DeferredRepositoryInitializationListener : Triggering deferred initialization of Spring Data repositories…
2020-09-24 10:23:30.346  INFO 12464 --- [restartedMain] DeferredRepositoryInitializationListener : Spring Data repositories initialized!
2020-09-24 10:23:30.411  INFO 12464 --- [restartedMain] c.c.libraryapi.LibraryApiApplication     : Started LibraryApiApplication in 37.053 seconds (JVM running for 40.625)
2020-09-24 10:23:33.446  WARN 12464 --- [registrationTask1] d.c.b.a.c.r.ApplicationRegistrator       : Failed to register application as Application(name=spring-boot-application, managementUrl=http://DESKTOP-5MDAQJ8.mshome.net:8080/actuator, healthUrl=http://DESKTOP-5MDAQJ8.mshome.net:8080/actuator/health, serviceUrl=http://DESKTOP-5MDAQJ8.mshome.net:8080/) at spring-boot-admin ([http://localhost:8081/instances]): I/O error on POST request for "http://localhost:8081/instances": Connection refused: connect; nested exception is java.net.ConnectException: Connection refused: connect. Further attempts are logged on DEBUG level
2020-09-24 10:24:32.749  INFO 12464 --- [http-nio-8080-exec-1] o.a.c.c.C.[Tomcat].[localhost].[/]       : Initializing Spring DispatcherServlet 'dispatcherServlet'
2020-09-24 10:24:32.750  INFO 12464 --- [http-nio-8080-exec-1] o.s.web.servlet.DispatcherServlet        : Initializing Servlet 'dispatcherServlet'
2020-09-24 10:24:32.769  INFO 12464 --- [http-nio-8080-exec-1] o.s.web.servlet.DispatcherServlet        : Completed initialization in 18 ms
2020-09-24 10:25:04.364  INFO 12464 --- [registrationTask1] d.c.b.a.c.r.ApplicationRegistrator       : Application registered itself as 1b96bf2a454a
2020-09-24 10:35:42.467  WARN 12464 --- [registrationTask1] d.c.b.a.c.r.ApplicationRegistrator       : Failed to register application as Application(name=spring-boot-application, managementUrl=http://DESKTOP-5MDAQJ8.mshome.net:8080/actuator, healthUrl=http://DESKTOP-5MDAQJ8.mshome.net:8080/actuator/health, serviceUrl=http://DESKTOP-5MDAQJ8.mshome.net:8080/) at spring-boot-admin ([http://localhost:8081/instances]): I/O error on POST request for "http://localhost:8081/instances": Connection refused: connect; nested exception is java.net.ConnectException: Connection refused: connect. Further attempts are logged on DEBUG level
2020-09-24 10:35:44.130  INFO 12464 --- [RMI TCP Connection(25)-127.0.0.1] inMXBeanRegistrar$SpringApplicationAdmin : Application shutdown requested.
2020-09-24 10:35:45.204  INFO 12464 --- [RMI TCP Connection(25)-127.0.0.1] o.s.s.c.ThreadPoolTaskScheduler          : Shutting down ExecutorService
2020-09-24 10:35:45.209  INFO 12464 --- [RMI TCP Connection(25)-127.0.0.1] j.LocalContainerEntityManagerFactoryBean : Closing JPA EntityManagerFactory for persistence unit 'default'
2020-09-24 10:35:45.209  INFO 12464 --- [RMI TCP Connection(25)-127.0.0.1] .SchemaDropperImpl$DelayedDropActionImpl : HHH000477: Starting delayed evictData of schema as part of SessionFactory shut-down'
2020-09-24 10:35:45.370  INFO 12464 --- [RMI TCP Connection(25)-127.0.0.1] o.s.s.c.ThreadPoolTaskScheduler          : Shutting down ExecutorService 'taskScheduler'
2020-09-24 10:35:45.371  INFO 12464 --- [RMI TCP Connection(25)-127.0.0.1] o.s.s.concurrent.ThreadPoolTaskExecutor  : Shutting down ExecutorService 'applicationTaskExecutor'
2020-09-24 10:35:45.731  WARN 12464 --- [RMI TCP Connection(25)-127.0.0.1] o.s.b.f.support.DisposableBeanAdapter    : Invocation of destroy method failed on bean with name 'inMemoryDatabaseShutdownExecutor': org.h2.jdbc.JdbcSQLNonTransientConnectionException: Database is already closed (to disable automatic closing at VM shutdown, add ";DB_CLOSE_ON_EXIT=FALSE" to the db URL) [90121-200]
2020-09-24 10:35:45.733  INFO 12464 --- [RMI TCP Connection(25)-127.0.0.1] com.zaxxer.hikari.HikariDataSource       : HikariPool-1 - Shutdown initiated...
2020-09-24 10:35:45.749  INFO 12464 --- [RMI TCP Connection(25)-127.0.0.1] com.zaxxer.hikari.HikariDataSource       : HikariPool-1 - Shutdown completed.
